<?xml version="1.0" encoding="UTF-8"?>
<testng-results skipped="6" failed="0" total="6" passed="0">
  <reporter-output>
  </reporter-output>
  <suite name="Suite" duration-ms="95525" started-at="2016-06-01T13:55:14Z" finished-at="2016-06-01T13:56:50Z">
    <groups>
    </groups>
    <test name="DSS-Regression With Chrome" duration-ms="95525" started-at="2016-06-01T13:55:14Z" finished-at="2016-06-01T13:56:50Z">
      <class name="com.dss.test.dss.subscription.SubscriptionTests">
        <test-method status="FAIL" signature="beforeTest(java.lang.String, java.lang.String)[pri:0, instance:com.dss.test.dss.subscription.SubscriptionTests@458ad742]" name="beforeTest" is-config="true" duration-ms="0" started-at="2016-06-01T19:25:14Z" finished-at="2016-06-01T19:25:14Z">
          <params>
            <param index="0">
              <value>
                <![CDATA[chrome]]>
              </value>
            </param>
            <param index="1">
              <value>
                <![CDATA[45]]>
              </value>
            </param>
          </params>
          <exception class="java.lang.NoClassDefFoundError">
            <message>
              <![CDATA[javax/mail/MessagingException]]>
            </message>
            <full-stacktrace>
              <![CDATA[java.lang.NoClassDefFoundError: javax/mail/MessagingException
	at com.dss.test.dss.subscription.SubscriptionTests.beforeTest(SubscriptionTests.java:81)
	at sun.reflect.NativeMethodAccessorImpl.invoke0(Native Method)
	at sun.reflect.NativeMethodAccessorImpl.invoke(Unknown Source)
	at sun.reflect.DelegatingMethodAccessorImpl.invoke(Unknown Source)
	at java.lang.reflect.Method.invoke(Unknown Source)
	at org.testng.internal.MethodInvocationHelper.invokeMethod(MethodInvocationHelper.java:85)
	at org.testng.internal.Invoker.invokeConfigurationMethod(Invoker.java:517)
	at org.testng.internal.Invoker.invokeConfigurations(Invoker.java:213)
	at org.testng.internal.Invoker.invokeMethod(Invoker.java:601)
	at org.testng.internal.Invoker.invokeTestMethod(Invoker.java:845)
	at org.testng.internal.Invoker.invokeTestMethods(Invoker.java:1153)
	at org.testng.internal.TestMethodWorker.invokeTestMethods(TestMethodWorker.java:125)
	at org.testng.internal.TestMethodWorker.run(TestMethodWorker.java:108)
	at org.testng.TestRunner.privateRun(TestRunner.java:771)
	at org.testng.TestRunner.run(TestRunner.java:621)
	at org.testng.SuiteRunner.runTest(SuiteRunner.java:357)
	at org.testng.SuiteRunner.access$000(SuiteRunner.java:38)
	at org.testng.SuiteRunner$SuiteWorker.run(SuiteRunner.java:391)
	at org.testng.internal.thread.ThreadUtil$2.call(ThreadUtil.java:64)
	at java.util.concurrent.FutureTask.run(Unknown Source)
	at java.util.concurrent.ThreadPoolExecutor.runWorker(Unknown Source)
	at java.util.concurrent.ThreadPoolExecutor$Worker.run(Unknown Source)
	at java.lang.Thread.run(Unknown Source)
Caused by: java.lang.ClassNotFoundException: javax.mail.MessagingException
	at java.net.URLClassLoader.findClass(Unknown Source)
	at java.lang.ClassLoader.loadClass(Unknown Source)
	at sun.misc.Launcher$AppClassLoader.loadClass(Unknown Source)
	at java.lang.ClassLoader.loadClass(Unknown Source)
	... 23 more
]]>
            </full-stacktrace>
          </exception> <!-- java.lang.NoClassDefFoundError -->
          <reporter-output>
          </reporter-output>
        </test-method> <!-- beforeTest -->
        <test-method status="SKIP" signature="BuyPrintPlusDigitalSubscriptionOutSideAreaZIPWithNonSSOR(java.lang.String, java.lang.String, java.lang.String, java.lang.String, java.lang.String, java.lang.String, java.lang.String, java.lang.String, java.lang.String, java.lang.String, java.lang.String, java.lang.String, java.lang.String, java.lang.String)[pri:0, instance:com.dss.test.dss.subscription.SubscriptionTests@458ad742]" name="BuyPrintPlusDigitalSubscriptionOutSideAreaZIPWithNonSSOR" duration-ms="0" started-at="2016-06-01T19:26:50Z" data-provider="dssDataProviderOutsideAreaZIPNonSSOR" finished-at="2016-06-01T19:26:50Z">
          <params>
            <param index="0">
              <value>
                <![CDATA[90012]]>
              </value>
            </param>
            <param index="1">
              <value>
                <![CDATA[tribune1]]>
              </value>
            </param>
            <param index="2">
              <value>
                <![CDATA[TestCreditCard]]>
              </value>
            </param>
            <param index="3">
              <value>
                <![CDATA[4111 1111 1111 1111]]>
              </value>
            </param>
            <param index="4">
              <value>
                <![CDATA[05 - May]]>
              </value>
            </param>
            <param index="5">
              <value>
                <![CDATA[2018]]>
              </value>
            </param>
            <param index="6">
              <value>
                <![CDATA[James]]>
              </value>
            </param>
            <param index="7">
              <value>
                <![CDATA[Hogger]]>
              </value>
            </param>
            <param index="8">
              <value>
                <![CDATA[125 nimes rd st church]]>
              </value>
            </param>
            <param index="9">
              <value>
                <![CDATA[]]>
              </value>
            </param>
            <param index="10">
              <value>
                <![CDATA[32801]]>
              </value>
            </param>
            <param index="11">
              <value>
                <![CDATA[Orlando]]>
              </value>
            </param>
            <param index="12">
              <value>
                <![CDATA[FL]]>
              </value>
            </param>
            <param index="13">
              <value>
                <![CDATA[651-628-4488]]>
              </value>
            </param>
          </params>
          <reporter-output>
          </reporter-output>
        </test-method> <!-- BuyPrintPlusDigitalSubscriptionOutSideAreaZIPWithNonSSOR -->
        <test-method status="SKIP" signature="afterTest(org.testng.ITestResult)[pri:0, instance:com.dss.test.dss.subscription.SubscriptionTests@458ad742]" name="afterTest" is-config="true" duration-ms="0" started-at="2016-06-01T19:26:50Z" finished-at="2016-06-01T19:26:50Z">
          <reporter-output>
          </reporter-output>
        </test-method> <!-- afterTest -->
        <test-method status="SKIP" signature="BuyPrintPlusDigitalSubscriptionOutSideAreaZIPWithSSOR(java.lang.String, java.lang.String, java.lang.String, java.lang.String, java.lang.String, java.lang.String, java.lang.String, java.lang.String, java.lang.String, java.lang.String, java.lang.String, java.lang.String, java.lang.String, java.lang.String)[pri:0, instance:com.dss.test.dss.subscription.SubscriptionTests@458ad742]" name="BuyPrintPlusDigitalSubscriptionOutSideAreaZIPWithSSOR" duration-ms="0" started-at="2016-06-01T19:26:50Z" data-provider="dssDataProviderOutsideAreaZIPSSOR" finished-at="2016-06-01T19:26:50Z">
          <params>
            <param index="0">
              <value>
                <![CDATA[90012]]>
              </value>
            </param>
            <param index="1">
              <value>
                <![CDATA[jan12@gmail.com]]>
              </value>
            </param>
            <param index="2">
              <value>
                <![CDATA[USSA]]>
              </value>
            </param>
            <param index="3">
              <value>
                <![CDATA[1236547895]]>
              </value>
            </param>
            <param index="4">
              <value>
                <![CDATA[071923909]]>
              </value>
            </param>
            <param index="5">
              <value>
                <![CDATA[James]]>
              </value>
            </param>
            <param index="6">
              <value>
                <![CDATA[Hogger]]>
              </value>
            </param>
            <param index="7">
              <value>
                <![CDATA[125 nimes rd st church]]>
              </value>
            </param>
            <param index="8">
              <value>
                <![CDATA[]]>
              </value>
            </param>
            <param index="9">
              <value>
                <![CDATA[32801]]>
              </value>
            </param>
            <param index="10">
              <value>
                <![CDATA[Orlando]]>
              </value>
            </param>
            <param index="11">
              <value>
                <![CDATA[FL]]>
              </value>
            </param>
            <param index="12">
              <value>
                <![CDATA[651-628-4488]]>
              </value>
            </param>
            <param index="13">
              <value>
                <![CDATA[tribune1]]>
              </value>
            </param>
          </params>
          <reporter-output>
          </reporter-output>
        </test-method> <!-- BuyPrintPlusDigitalSubscriptionOutSideAreaZIPWithSSOR -->
        <test-method status="SKIP" signature="afterTest(org.testng.ITestResult)[pri:0, instance:com.dss.test.dss.subscription.SubscriptionTests@458ad742]" name="afterTest" is-config="true" duration-ms="0" started-at="2016-06-01T19:26:50Z" finished-at="2016-06-01T19:26:50Z">
          <reporter-output>
          </reporter-output>
        </test-method> <!-- afterTest -->
        <test-method status="SKIP" signature="beforeTest(java.lang.String, java.lang.String)[pri:0, instance:com.dss.test.dss.subscription.SubscriptionTests@458ad742]" name="beforeTest" is-config="true" duration-ms="0" started-at="2016-06-01T19:26:50Z" finished-at="2016-06-01T19:26:50Z">
          <reporter-output>
          </reporter-output>
        </test-method> <!-- beforeTest -->
        <test-method status="SKIP" signature="BuyPrintPlusDigitalSubscriptionWithinAreaZIPWithNonSSOR(java.lang.String, java.lang.String, java.lang.String, java.lang.String, java.lang.String, java.lang.String, java.lang.String, java.lang.String, java.lang.String, java.lang.String, java.lang.String, java.lang.String, java.lang.String)[pri:0, instance:com.dss.test.dss.subscription.SubscriptionTests@458ad742]" name="BuyPrintPlusDigitalSubscriptionWithinAreaZIPWithNonSSOR" duration-ms="0" started-at="2016-06-01T19:26:50Z" data-provider="dssDataProviderWithInAreaZIPNonSSOR" finished-at="2016-06-01T19:26:50Z">
          <params>
            <param index="0">
              <value>
                <![CDATA[32801]]>
              </value>
            </param>
            <param index="1">
              <value>
                <![CDATA[tribune1]]>
              </value>
            </param>
            <param index="2">
              <value>
                <![CDATA[USSA]]>
              </value>
            </param>
            <param index="3">
              <value>
                <![CDATA[1236547895]]>
              </value>
            </param>
            <param index="4">
              <value>
                <![CDATA[071923909]]>
              </value>
            </param>
            <param index="5">
              <value>
                <![CDATA[James]]>
              </value>
            </param>
            <param index="6">
              <value>
                <![CDATA[Hogger]]>
              </value>
            </param>
            <param index="7">
              <value>
                <![CDATA[125 nimes rd st church]]>
              </value>
            </param>
            <param index="8">
              <value>
                <![CDATA[]]>
              </value>
            </param>
            <param index="9">
              <value>
                <![CDATA[32801]]>
              </value>
            </param>
            <param index="10">
              <value>
                <![CDATA[Orlando]]>
              </value>
            </param>
            <param index="11">
              <value>
                <![CDATA[FL]]>
              </value>
            </param>
            <param index="12">
              <value>
                <![CDATA[651-628-4488]]>
              </value>
            </param>
          </params>
          <reporter-output>
          </reporter-output>
        </test-method> <!-- BuyPrintPlusDigitalSubscriptionWithinAreaZIPWithNonSSOR -->
        <test-method status="SKIP" signature="beforeTest(java.lang.String, java.lang.String)[pri:0, instance:com.dss.test.dss.subscription.SubscriptionTests@458ad742]" name="beforeTest" is-config="true" duration-ms="0" started-at="2016-06-01T19:26:50Z" finished-at="2016-06-01T19:26:50Z">
          <reporter-output>
          </reporter-output>
        </test-method> <!-- beforeTest -->
        <test-method status="SKIP" signature="afterTest(org.testng.ITestResult)[pri:0, instance:com.dss.test.dss.subscription.SubscriptionTests@458ad742]" name="afterTest" is-config="true" duration-ms="0" started-at="2016-06-01T19:26:50Z" finished-at="2016-06-01T19:26:50Z">
          <reporter-output>
          </reporter-output>
        </test-method> <!-- afterTest -->
        <test-method status="SKIP" signature="beforeTest(java.lang.String, java.lang.String)[pri:0, instance:com.dss.test.dss.subscription.SubscriptionTests@458ad742]" name="beforeTest" is-config="true" duration-ms="0" started-at="2016-06-01T19:26:50Z" finished-at="2016-06-01T19:26:50Z">
          <reporter-output>
          </reporter-output>
        </test-method> <!-- beforeTest -->
        <test-method status="SKIP" signature="afterTest(org.testng.ITestResult)[pri:0, instance:com.dss.test.dss.subscription.SubscriptionTests@458ad742]" name="afterTest" is-config="true" duration-ms="0" started-at="2016-06-01T19:26:50Z" finished-at="2016-06-01T19:26:50Z">
          <reporter-output>
          </reporter-output>
        </test-method> <!-- afterTest -->
        <test-method status="SKIP" signature="BuyPrintPlusDigitalSubscriptionWithinAreaZIPWithSSOR(java.lang.String, java.lang.String, java.lang.String, java.lang.String, java.lang.String, java.lang.String, java.lang.String, java.lang.String, java.lang.String, java.lang.String, java.lang.String, java.lang.String, java.lang.String, java.lang.String, java.lang.String)[pri:0, instance:com.dss.test.dss.subscription.SubscriptionTests@458ad742]" name="BuyPrintPlusDigitalSubscriptionWithinAreaZIPWithSSOR" duration-ms="0" started-at="2016-06-01T19:26:50Z" data-provider="dssDataProviderWithInAreaZIPSSOR" finished-at="2016-06-01T19:26:50Z">
          <params>
            <param index="0">
              <value>
                <![CDATA[32801]]>
              </value>
            </param>
            <param index="1">
              <value>
                <![CDATA[jan12@gmail.com]]>
              </value>
            </param>
            <param index="2">
              <value>
                <![CDATA[TestCreditCard]]>
              </value>
            </param>
            <param index="3">
              <value>
                <![CDATA[4111 1111 1111 1111]]>
              </value>
            </param>
            <param index="4">
              <value>
                <![CDATA[05 - May]]>
              </value>
            </param>
            <param index="5">
              <value>
                <![CDATA[2018]]>
              </value>
            </param>
            <param index="6">
              <value>
                <![CDATA[James]]>
              </value>
            </param>
            <param index="7">
              <value>
                <![CDATA[Hogger]]>
              </value>
            </param>
            <param index="8">
              <value>
                <![CDATA[125 nimes rd st church]]>
              </value>
            </param>
            <param index="9">
              <value>
                <![CDATA[]]>
              </value>
            </param>
            <param index="10">
              <value>
                <![CDATA[32801]]>
              </value>
            </param>
            <param index="11">
              <value>
                <![CDATA[Orlando]]>
              </value>
            </param>
            <param index="12">
              <value>
                <![CDATA[FL]]>
              </value>
            </param>
            <param index="13">
              <value>
                <![CDATA[651-628-4488]]>
              </value>
            </param>
            <param index="14">
              <value>
                <![CDATA[tribune1]]>
              </value>
            </param>
          </params>
          <reporter-output>
          </reporter-output>
        </test-method> <!-- BuyPrintPlusDigitalSubscriptionWithinAreaZIPWithSSOR -->
        <test-method status="SKIP" signature="beforeTest(java.lang.String, java.lang.String)[pri:0, instance:com.dss.test.dss.subscription.SubscriptionTests@458ad742]" name="beforeTest" is-config="true" duration-ms="0" started-at="2016-06-01T19:26:50Z" finished-at="2016-06-01T19:26:50Z">
          <reporter-output>
          </reporter-output>
        </test-method> <!-- beforeTest -->
        <test-method status="SKIP" signature="afterTest(org.testng.ITestResult)[pri:0, instance:com.dss.test.dss.subscription.SubscriptionTests@458ad742]" name="afterTest" is-config="true" duration-ms="0" started-at="2016-06-01T19:26:50Z" finished-at="2016-06-01T19:26:50Z">
          <reporter-output>
          </reporter-output>
        </test-method> <!-- afterTest -->
        <test-method status="SKIP" signature="BuydigitalPlusSubscriptionWithNonSSOR(java.lang.String, java.lang.String, java.lang.String, java.lang.String, java.lang.String, java.lang.String, java.lang.String, java.lang.String, java.lang.String, java.lang.String, java.lang.String, java.lang.String, java.lang.String)[pri:0, instance:com.dss.test.dss.subscription.SubscriptionTests@458ad742]" name="BuydigitalPlusSubscriptionWithNonSSOR" duration-ms="0" started-at="2016-06-01T19:26:50Z" data-provider="dssDataProviderDigitalPlusNonSSOR" finished-at="2016-06-01T19:26:50Z">
          <params>
            <param index="0">
              <value>
                <![CDATA[Digital Saver]]>
              </value>
            </param>
            <param index="1">
              <value>
                <![CDATA[tribune1]]>
              </value>
            </param>
            <param index="2">
              <value>
                <![CDATA[USSA]]>
              </value>
            </param>
            <param index="3">
              <value>
                <![CDATA[1236547895]]>
              </value>
            </param>
            <param index="4">
              <value>
                <![CDATA[071923909]]>
              </value>
            </param>
            <param index="5">
              <value>
                <![CDATA[James]]>
              </value>
            </param>
            <param index="6">
              <value>
                <![CDATA[Hogger]]>
              </value>
            </param>
            <param index="7">
              <value>
                <![CDATA[125 nimes rd st church]]>
              </value>
            </param>
            <param index="8">
              <value>
                <![CDATA[]]>
              </value>
            </param>
            <param index="9">
              <value>
                <![CDATA[32801]]>
              </value>
            </param>
            <param index="10">
              <value>
                <![CDATA[Orlando]]>
              </value>
            </param>
            <param index="11">
              <value>
                <![CDATA[FL]]>
              </value>
            </param>
            <param index="12">
              <value>
                <![CDATA[651-628-4488]]>
              </value>
            </param>
          </params>
          <reporter-output>
          </reporter-output>
        </test-method> <!-- BuydigitalPlusSubscriptionWithNonSSOR -->
        <test-method status="SKIP" signature="beforeTest(java.lang.String, java.lang.String)[pri:0, instance:com.dss.test.dss.subscription.SubscriptionTests@458ad742]" name="beforeTest" is-config="true" duration-ms="0" started-at="2016-06-01T19:26:50Z" finished-at="2016-06-01T19:26:50Z">
          <reporter-output>
          </reporter-output>
        </test-method> <!-- beforeTest -->
        <test-method status="SKIP" signature="BuydigitalPlusSubscriptionWithSSOR(java.lang.String, java.lang.String, java.lang.String, java.lang.String, java.lang.String, java.lang.String, java.lang.String, java.lang.String, java.lang.String, java.lang.String, java.lang.String, java.lang.String, java.lang.String, java.lang.String, java.lang.String)[pri:0, instance:com.dss.test.dss.subscription.SubscriptionTests@458ad742]" name="BuydigitalPlusSubscriptionWithSSOR" duration-ms="1" started-at="2016-06-01T19:26:50Z" data-provider="dssDataProviderDigitalPlusSSOR" finished-at="2016-06-01T19:26:50Z">
          <params>
            <param index="0">
              <value>
                <![CDATA[Digital Super Saver]]>
              </value>
            </param>
            <param index="1">
              <value>
                <![CDATA[jan12@gmail.com]]>
              </value>
            </param>
            <param index="2">
              <value>
                <![CDATA[TestCreditCard]]>
              </value>
            </param>
            <param index="3">
              <value>
                <![CDATA[4111 1111 1111 1111]]>
              </value>
            </param>
            <param index="4">
              <value>
                <![CDATA[05 - May]]>
              </value>
            </param>
            <param index="5">
              <value>
                <![CDATA[2018]]>
              </value>
            </param>
            <param index="6">
              <value>
                <![CDATA[James]]>
              </value>
            </param>
            <param index="7">
              <value>
                <![CDATA[Hogger]]>
              </value>
            </param>
            <param index="8">
              <value>
                <![CDATA[125 nimes rd st church]]>
              </value>
            </param>
            <param index="9">
              <value>
                <![CDATA[]]>
              </value>
            </param>
            <param index="10">
              <value>
                <![CDATA[32801]]>
              </value>
            </param>
            <param index="11">
              <value>
                <![CDATA[Orlando]]>
              </value>
            </param>
            <param index="12">
              <value>
                <![CDATA[FL]]>
              </value>
            </param>
            <param index="13">
              <value>
                <![CDATA[651-628-4488]]>
              </value>
            </param>
            <param index="14">
              <value>
                <![CDATA[tribune1]]>
              </value>
            </param>
          </params>
          <reporter-output>
          </reporter-output>
        </test-method> <!-- BuydigitalPlusSubscriptionWithSSOR -->
        <test-method status="SKIP" signature="afterTest(org.testng.ITestResult)[pri:0, instance:com.dss.test.dss.subscription.SubscriptionTests@458ad742]" name="afterTest" is-config="true" duration-ms="0" started-at="2016-06-01T19:26:50Z" finished-at="2016-06-01T19:26:50Z">
          <reporter-output>
          </reporter-output>
        </test-method> <!-- afterTest -->
      </class> <!-- com.dss.test.dss.subscription.SubscriptionTests -->
    </test> <!-- DSS-Regression With Chrome -->
  </suite> <!-- Suite -->
</testng-results>
